make all --print-data-base --no-builtin-variables --no-builtin-rules --question
# GNU Make 3.82
# Built for x86_64-redhat-linux-gnu
# Copyright (C) 2010  Free Software Foundation, Inc.
# License GPLv3+: GNU GPL version 3 or later <http://gnu.org/licenses/gpl.html>
# This is free software: you are free to change and redistribute it.
# There is NO WARRANTY, to the extent permitted by law.

# Make data base, printed on Mon Jul 11 13:41:02 2022

# Variables

# automatic
<D = $(patsubst %/,%,$(dir $<))
# automatic
?F = $(notdir $?)
# environment
DESKTOP_SESSION = 1-kde-plasma-standard
# environment
KONSOLE_DBUS_WINDOW = /Windows/29
# default
.SHELLFLAGS := -c
# environment
QTDIR = /usr/lib64/qt-3.3
# environment
XDG_SESSION_TYPE = x11
# environment
VSCODE_LOG_NATIVE = false
# environment
MODULEPATH = /usr/share/Modules/modulefiles:/etc/modulefiles
# automatic
?D = $(patsubst %/,%,$(dir $?))
# environment
GTK_RC_FILES = /etc/gtk/gtkrc:/home/rjassef/.gtkrc:/home/rjassef/.kde/share/config/gtkrc
# automatic
@D = $(patsubst %/,%,$(dir $@))
# environment
XAUTHORITY = /tmp/kde-rjassef/xauth-1000-_0
# environment
GDMSESSION = 1-kde-plasma-standard
# default
MAKE_VERSION := 3.82
# makefile
CURDIR := /home/rjassef/Proposals/4MOST/lrt_photo-zs_4MOST
# makefile
SHELL = /bin/sh
# environment
GDM_LANG = en_US.UTF-8
# environment
VSCODE_NLS_CONFIG = {"locale":"en-us","availableLanguages":{},"_languagePackSupport":true}
# environment
_ = /usr/bin/make
# environment
LESSOPEN = ||/usr/bin/lesspipe.sh %s
# makefile
MAKEFILE_LIST := 
# automatic
@F = $(notdir $@)
# environment
HISTCONTROL = ignoredups
# environment
USERNAME = rjassef
# environment
XDG_DATA_DIRS = /home/rjassef/.local/share/flatpak/exports/share/:/var/lib/flatpak/exports/share/:/usr/local/share/:/usr/share/:/var/lib/snapd/desktop
# environment
DBUS_SESSION_BUS_ADDRESS = unix:abstract=/tmp/dbus-pVlmzdnfyT,guid=910c560bef02031dac9b4723628cf286
# environment
VSCODE_VERBOSE_LOGGING = true
# environment
QT_PLUGIN_PATH = /usr/lib64/kde4/plugins:/usr/lib/kde4/plugins:/home/rjassef/.kde/lib64/kde4/plugins/:/usr/lib64/kde4/plugins/
# environment
USER = rjassef
# environment
VSCODE_CWD = /home/rjassef/Proposals/4MOST/lrt_photo-zs_4MOST
# environment
PATH = /home/rjassef/bin:/home/rjassef/miniconda3/bin:/home/rjassef/miniconda3/condabin:/usr/lib64/qt-3.3/bin:/usr/local/bin:/usr/local/sbin:/usr/bin:/usr/sbin:/bin:/sbin:/var/lib/snapd/snap/bin:/home/rjassef/.local/bin:/home/rjassef/.local/bin:/home/rjassef/bin:/home/rjassef/add_wcs_phot_python
# environment
QT_GRAPHICSSYSTEM_CHECKED = 1
# environment
SESSION_MANAGER = local/unix:@/tmp/.ICE-unix/2868,unix/unix:/tmp/.ICE-unix/2868
# environment
XDG_RUNTIME_DIR = /run/user/1000
# environment
WINDOWID = 94372461
# environment
KONSOLE_PROFILE_NAME = Shell
# environment
XDG_MENU_PREFIX = kde4-
# environment
VSCODE_LOG_STACK = false
# environment
ELECTRON_RUN_AS_NODE = 1
# environment
GTK2_RC_FILES = /etc/gtk-2.0/gtkrc:/home/rjassef/.gtkrc-2.0:/home/rjassef/.gtkrc-2.0-kde4:/home/rjassef/.kde/share/config/gtkrc-2.0
# environment
PROFILEHOME = 
# default
.FEATURES := target-specific order-only second-expansion else-if shortest-stem undefine oneshell archives jobserver check-symlink
# environment
LS_COLORS = rs=0:di=38;5;27:ln=38;5;51:mh=44;38;5;15:pi=40;38;5;11:so=38;5;13:do=38;5;5:bd=48;5;232;38;5;11:cd=48;5;232;38;5;3:or=48;5;232;38;5;9:mi=05;48;5;232;38;5;15:su=48;5;196;38;5;15:sg=48;5;11;38;5;16:ca=48;5;196;38;5;226:tw=48;5;10;38;5;16:ow=48;5;10;38;5;21:st=48;5;21;38;5;15:ex=38;5;34:*.tar=38;5;9:*.tgz=38;5;9:*.arc=38;5;9:*.arj=38;5;9:*.taz=38;5;9:*.lha=38;5;9:*.lz4=38;5;9:*.lzh=38;5;9:*.lzma=38;5;9:*.tlz=38;5;9:*.txz=38;5;9:*.tzo=38;5;9:*.t7z=38;5;9:*.zip=38;5;9:*.z=38;5;9:*.Z=38;5;9:*.dz=38;5;9:*.gz=38;5;9:*.lrz=38;5;9:*.lz=38;5;9:*.lzo=38;5;9:*.xz=38;5;9:*.bz2=38;5;9:*.bz=38;5;9:*.tbz=38;5;9:*.tbz2=38;5;9:*.tz=38;5;9:*.deb=38;5;9:*.rpm=38;5;9:*.jar=38;5;9:*.war=38;5;9:*.ear=38;5;9:*.sar=38;5;9:*.rar=38;5;9:*.alz=38;5;9:*.ace=38;5;9:*.zoo=38;5;9:*.cpio=38;5;9:*.7z=38;5;9:*.rz=38;5;9:*.cab=38;5;9:*.jpg=38;5;13:*.jpeg=38;5;13:*.gif=38;5;13:*.bmp=38;5;13:*.pbm=38;5;13:*.pgm=38;5;13:*.ppm=38;5;13:*.tga=38;5;13:*.xbm=38;5;13:*.xpm=38;5;13:*.tif=38;5;13:*.tiff=38;5;13:*.png=38;5;13:*.svg=38;5;13:*.svgz=38;5;13:*.mng=38;5;13:*.pcx=38;5;13:*.mov=38;5;13:*.mpg=38;5;13:*.mpeg=38;5;13:*.m2v=38;5;13:*.mkv=38;5;13:*.webm=38;5;13:*.ogm=38;5;13:*.mp4=38;5;13:*.m4v=38;5;13:*.mp4v=38;5;13:*.vob=38;5;13:*.qt=38;5;13:*.nuv=38;5;13:*.wmv=38;5;13:*.asf=38;5;13:*.rm=38;5;13:*.rmvb=38;5;13:*.flc=38;5;13:*.avi=38;5;13:*.fli=38;5;13:*.flv=38;5;13:*.gl=38;5;13:*.dl=38;5;13:*.xcf=38;5;13:*.xwd=38;5;13:*.yuv=38;5;13:*.cgm=38;5;13:*.emf=38;5;13:*.axv=38;5;13:*.anx=38;5;13:*.ogv=38;5;13:*.ogx=38;5;13:*.aac=38;5;45:*.au=38;5;45:*.flac=38;5;45:*.mid=38;5;45:*.midi=38;5;45:*.mka=38;5;45:*.mp3=38;5;45:*.mpc=38;5;45:*.ogg=38;5;45:*.ra=38;5;45:*.wav=38;5;45:*.axa=38;5;45:*.oga=38;5;45:*.spx=38;5;45:*.xspf=38;5;45:
# environment
XDG_SESSION_DESKTOP = 1-kde-plasma-standard
# environment
SSH_AUTH_SOCK = /tmp/ssh-KOJyalXDrI9U/agent.2649
# automatic
%F = $(notdir $%)
# environment
KDEDIRS = /usr
# environment
DISPLAY = :0
# environment
CONDA_EXE = /home/rjassef/miniconda3/bin/conda
# environment
XCURSOR_THEME = Adwaita
# environment
IMSETTINGS_INTEGRATE_DESKTOP = yes
# environment
PWD = /home/rjassef/Proposals/4MOST/lrt_photo-zs_4MOST
# environment
KDE_SESSION_VERSION = 4
# environment
XDG_SEAT = seat0
# environment
SSH_AGENT_PID = 2726
# environment
ORIGINAL_XDG_CURRENT_DESKTOP = KDE
# environment
VSCODE_AMD_ENTRYPOINT = vs/workbench/api/node/extensionHostProcess
# environment
HOME = /home/rjassef
# environment
VSCODE_CLI = 1
# environment
VSCODE_CODE_CACHE_PATH = /home/rjassef/.config/Code/CachedData/c3511e6c69bb39013c4a4b7b9566ec1ca73fc4d5
# environment
LOGNAME = rjassef
# environment
APPLICATION_INSIGHTS_NO_DIAGNOSTIC_CHANNEL = 1
# environment
CONDA_PROMPT_MODIFIER = 
# environment
KDE_FULL_SESSION = true
# environment
ELECTRON_NO_ATTACH_CONSOLE = 1
# environment
VSCODE_HANDLES_UNCAUGHT_ERRORS = true
# automatic
^D = $(patsubst %/,%,$(dir $^))
# environment
HOSTNAME = blazar
# environment
XDG_VTNR = 1
# environment
MAKELEVEL := 0
# environment
CONDA_DEFAULT_ENV = base
# environment
SSH_ASKPASS = /usr/bin/ksshaskpass
# environment
KONSOLE_DBUS_SESSION = /Sessions/29
# default
MAKE = $(MAKE_COMMAND)
# default
MAKECMDGOALS := all
# environment
SHLVL = 5
# environment
VSCODE_IPC_HOOK_EXTHOST = /run/user/1000/vscode-ipc-50458568-8416-472c-a00b-29de866c2236.sock
# environment
XDG_SESSION_ID = 1
# environment
KDE_MULTIHEAD = false
# environment
QTLIB = /usr/lib64/qt-3.3/lib
# environment
XDG_CURRENT_DESKTOP = KDE
# automatic
%D = $(patsubst %/,%,$(dir $%))
# environment
define BASH_FUNC_module()
() {  eval `/usr/bin/modulecmd bash $*`
}
endef
# environment
CONDA_SHLVL = 1
# default
MAKE_COMMAND := make
# default
.VARIABLES := 
# environment
CVS_RSH = ssh
# environment
IMSETTINGS_MODULE = none
# automatic
*F = $(notdir $*)
# environment
LANGUAGE = 
# environment
VSCODE_IPC_HOOK = /run/user/1000/vscode-8c58baf5-1.67.2-main.sock
# environment
PYTHONPATH = /home/rjassef/.lrt:/home/rjassef/Software/ezgal:/home/rjassef/.lrt:/home/rjassef/Software/ezgal:
# makefile
MAKEFLAGS = Rrqp
# environment
MFLAGS = -Rrqp
# automatic
*D = $(patsubst %/,%,$(dir $*))
# environment
MAIL = /var/spool/mail/rjassef
# environment
LOADEDMODULES = 
# environment
SHELL_SESSION_ID = ccb6707270a04000a5ccf972261c6949
# automatic
+D = $(patsubst %/,%,$(dir $+))
# environment
GDK_BACKEND = x11
# environment
MODULESHOME = /usr/share/Modules
# automatic
+F = $(notdir $+)
# environment
NO_AT_BRIDGE = 1
# environment
COLORFGBG = 15;0
# environment
VSCODE_PIPE_LOGGING = true
# default
MAKEFILES := 
# automatic
<F = $(notdir $<)
# environment
PYSYN_CDBS = /home/rjassef/.cdbs/
# environment
LC_ALL = C
# environment
CONDA_PYTHON_EXE = /home/rjassef/miniconda3/bin/python
# automatic
^F = $(notdir $^)
# default
SUFFIXES := 
# environment
LRTPATH = /home/rjassef/.lrt
# environment
HISTSIZE = 1000
# environment
GS_LIB = 
# environment
_CE_M = 
# environment
CHROME_DESKTOP = code-url-handler.desktop
# environment
WINDOWPATH = 1
# environment
KONSOLE_DBUS_SERVICE = :1.254
# default
.INCLUDE_DIRS = /usr/include /usr/local/include /usr/include
# environment
QTINC = /usr/lib64/qt-3.3/include
# default
.RECIPEPREFIX := 
# makefile
.DEFAULT_GOAL := 
# environment
CONDA_PREFIX = /home/rjassef/miniconda3
# environment
TERM = xterm-256color
# environment
VSCODE_PID = 3026
# environment
_CE_CONDA = 
# environment
KDE_SESSION_UID = 1000
# environment
LANG = C
# variable set hash-table stats:
# Load=130/1024=13%, Rehash=0, Collisions=18/149=12%

# Pattern-specific Variable Values

# No pattern-specific variable values.

# Directories

# . (device 64770, inode 280648): 5 files, no impossibilities.

# 5 files, no impossibilities in 1 directories.

# Implicit Rules

# No implicit rules.

# Files

# Not a target:
all:
#  Command line target.
#  Implicit rule search has been done.
#  File does not exist.
#  File has not been updated.
 
make: *** No rule to make target `all'.  Stop.


# Not a target:
.SUFFIXES:
#  Implicit rule search has not been done.
#  Modification time never checked.
#  File has not been updated.

# Not a target:
Makefile:
#  Implicit rule search has been done.
#  File does not exist.
#  File has been updated.
#  Failed to be updated.

# Not a target:
makefile:
#  Implicit rule search has been done.
#  File does not exist.
#  File has been updated.
#  Failed to be updated.

# Not a target:
.DEFAULT:
#  Implicit rule search has not been done.
#  Modification time never checked.
#  File has not been updated.

# Not a target:
GNUmakefile:
#  Implicit rule search has been done.
#  File does not exist.
#  File has been updated.
#  Failed to be updated.

# files hash-table stats:
# Load=6/1024=1%, Rehash=0, Collisions=0/15=0%
# VPATH Search Paths

# No `vpath' search paths.

# No general (`VPATH' variable) search path.

# # of strings in strcache: 0 / lookups = 16 / hits = 16
# # of strcache buffers: 1 (* 8176 B/buffer = 8176 B)
# strcache used: total = 0 (118) / max = 0 / min = 8176 / avg = 0
# strcache free: total = 0 (8058) / max = 0 / min = 8176 / avg = 0

# strcache hash-table stats:
# Load=13/8192=0%, Rehash=0, Collisions=1/16=6%
# Finished Make data base on Mon Jul 11 13:41:02 2022

 
